2024-05-30 22:54:18,533 INFO ('identification', 'player one')
2024-05-30 22:54:18,533 INFO ('identification', 'player two')
2024-05-30 22:54:18,533 INFO ('turn', 'not your turn')
2024-05-30 22:54:18,534 INFO ('turn', 'your turn')
2024-05-30 22:54:22,084 INFO ('move', 'down')
2024-05-30 22:54:22,084 INFO down
2024-05-30 22:54:22,091 INFO ('turn', 'your turn')
2024-05-30 22:54:22,102 INFO ('acknowledgement', 'valid')
2024-05-30 22:54:23,016 INFO ('move', 'down')
2024-05-30 22:54:23,016 INFO down
2024-05-30 22:54:23,022 INFO ('turn', 'your turn')
2024-05-30 22:54:23,032 INFO ('acknowledgement', 'valid')
2024-05-30 22:54:23,684 INFO ('move', 'down')
2024-05-30 22:54:23,684 INFO down
2024-05-30 22:54:23,698 INFO ('acknowledgement', 'valid')
2024-05-30 22:54:23,702 INFO ('turn', 'your turn')
2024-05-30 22:54:24,692 INFO ('wall', '256 464')
2024-05-30 22:54:24,693 INFO Side: horizontal
2024-05-30 22:54:24,698 INFO ('turn', 'your turn')
2024-05-30 22:54:24,707 INFO ('acknowledgement', 'valid')
2024-05-30 22:54:25,471 INFO ('move', 'left')
2024-05-30 22:54:25,471 INFO left
2024-05-30 22:54:25,481 INFO ('turn', 'your turn')
2024-05-30 22:54:25,488 INFO ('acknowledgement', 'valid')
2024-05-30 22:54:26,207 INFO ('move', 'down')
2024-05-30 22:54:26,207 INFO down
2024-05-30 22:54:26,214 INFO ('turn', 'your turn')
2024-05-30 22:54:26,223 INFO ('acknowledgement', 'valid')
2024-05-30 22:54:28,934 INFO ('win', '')
2024-05-30 22:54:28,934 INFO Win
